warning: No library characterized for (process = 1.00 voltage = 0.85 temperature = 25.00) can be found in the database for power domain '/PD_TOP'  [NL-174]
Report Power (instances with prefix '*' are included in total) : 
-----+---------------------+--------------------+---------------------+-------------------+-----------------
     | Instance            | Internal Power(uw) | Switching Power(uw) | Leakage Power(uw) | Total Power(uw) 
-----+---------------------+--------------------+---------------------+-------------------+-----------------
1    |*cooler_reg          |            2.153078|             6.228221|           0.079112|         8.460412
2    |*heater_reg          |            1.994194|             2.736492|           0.079112|         4.809799
3    |*alarambuzz_reg      |            2.059623|             5.960038|           0.079112|         8.098773
4    |*winbuzz_reg         |            2.103807|             6.087897|           0.079112|         8.270817
5    |*rdoor_reg           |            2.138238|             6.187824|           0.079112|         8.405174
6    |*fdoor_reg           |            2.133369|             6.177331|           0.079112|         8.389813
7    |*my_curr_state_reg[2]|            2.050331|             3.071828|           0.079112|         5.201272
8    |*my_curr_state_reg[1]|            2.073141|             6.289551|           0.079112|         8.441804
9    |*my_curr_state_reg[0]|            2.018853|             6.492694|           0.079112|         8.590659
10   |*i_0_0_0             |            0.685582|             0.337541|           0.041741|         1.064864
11   |*i_0_0_1             |            0.820952|             0.547308|           0.024415|         1.392675
12   |*i_0_0_2             |            1.045633|             0.818339|           0.027858|         1.891830
13   |*i_0_0_3             |            0.401575|             0.299687|           0.021200|         0.722462
14   |*i_0_0_4             |            0.693027|             0.963317|           0.034566|         1.690910
15   |*i_0_0_5             |            0.657044|             0.652724|           0.027858|         1.337626
16   |*i_0_0_6             |            0.959013|             0.870071|           0.022619|         1.851703
17   |*i_0_0_7             |            1.165473|             1.351801|           0.027858|         2.545133
18   |*i_0_0_8             |            0.397339|             0.258348|           0.026832|         0.682519
19   |*i_0_0_9             |            0.559830|             0.909565|           0.021200|         1.490595
20   |*i_0_0_10            |            0.444100|             0.949729|           0.017393|         1.411222
21   |*i_0_0_11            |            0.339618|             0.193547|           0.034566|         0.567731
22   |*i_0_0_12            |            0.482485|             0.457622|           0.018105|         0.958212
23   |*i_0_0_13            |            0.307452|             0.200310|           0.027858|         0.535620
24   |*i_0_0_14            |            0.505843|             0.740523|           0.022619|         1.268985
25   |*i_0_0_15            |            0.502086|             1.905489|           0.026832|         2.434407
26   |*i_0_0_16            |            0.535689|             1.324000|           0.026832|         1.886521
27   |*i_0_0_17            |            0.831034|             1.552438|           0.022695|         2.406167
28   |*i_0_0_18            |            0.316656|             0.180946|           0.034566|         0.532168
29   |*i_0_0_19            |            0.380880|             0.920832|           0.022619|         1.324332
30   |*i_0_0_20            |            0.283131|             0.943340|           0.021200|         1.247671
31   |*i_0_0_21            |            0.356639|             0.193525|           0.041741|         0.591906
32   |*i_0_0_22            |            0.281506|             0.306970|           0.022619|         0.611096
33   |*i_0_0_23            |            0.192253|             0.278676|           0.026832|         0.497760
34   |*i_0_0_24            |            0.277465|             1.570772|           0.021200|         1.869436
35   |*i_0_0_25            |            0.515908|             0.286142|           0.034566|         0.836616
36   |*i_0_0_26            |            0.499056|             0.507148|           0.027858|         1.034062
37   |*i_0_0_27            |            0.157960|             0.293991|           0.048314|         0.500265
38   |*i_0_0_28            |            0.405591|             1.687239|           0.021200|         2.114029
39   |*i_0_0_29            |            0.189391|             1.260018|           0.014353|         1.463762
40   |*i_0_0_30            |            0.277345|             4.963824|           0.021200|         5.262369
41   |*i_0_0_31            |            0.395276|             0.231197|           0.041741|         0.668214
42   |*i_0_0_32            |            0.075167|             0.060747|           0.018127|         0.154041
43   |*i_0_0_33            |            0.216627|             0.197668|           0.027858|         0.442154
44   |*i_0_0_34            |            0.304212|             0.267121|           0.048314|         0.619647
45   |*i_0_0_35            |            0.074673|             0.261337|           0.021200|         0.357210
46   |*i_0_0_36            |            0.290278|             1.728392|           0.017393|         2.036064
47   |*i_0_0_37            |            0.186340|             2.188458|           0.014353|         2.389152
48   |*i_0_0_38            |            0.280446|             3.378385|           0.017393|         3.676224
49   |*i_0_0_39            |            0.045778|             0.090731|           0.017393|         0.153902
50   |*i_0_0_40            |            0.197045|             1.153674|           0.014353|         1.365072
51   |*i_0_0_41            |            0.378608|             3.843968|           0.018105|         4.240682
52   |*i_0_0_42            |            0.440844|             1.206947|           0.026832|         1.674623
53   |*i_0_0_43            |            0.224190|             3.471079|           0.014353|         3.709622
54   |*i_0_0_44            |            0.230617|             2.070225|           0.014353|         2.315196
55   |*i_0_0_45            |            0.851871|             4.253728|           0.014353|         5.119952
56   |*i_0_0_46            |            0.941507|             2.706306|           0.014353|         3.662167
57   |*i_0_0_47            |            0.928968|             2.922768|           0.014353|         3.866090
58   |*i_0_0_48            |            0.933538|             2.843873|           0.014353|         3.791764
59   |*i_0_0_49            |            0.236848|             0.469761|           0.014353|         0.720962
60   |*i_0_0_50            |            0.236812|             0.707289|           0.014353|         0.958455
61   |*i_0_0_51            |            0.233566|             0.463252|           0.014353|         0.711171
62   |*i_0_0_52            |            0.228613|             0.458762|           0.014353|         0.701728
63   |*i_0_0_53            |            0.238986|             0.479578|           0.014353|         0.732918
64   |                     |                    |                     |                   |                 
65   |*TOTAL               |           42.363003|           112.412880|           1.984271|       156.760162
-----+---------------------+--------------------+---------------------+-------------------+-----------------
