Report Physical info: 
------------------------+-------------+-----------+------------
                        |             |Area (squm)|Leakage (uW)
------------------------+-------------+-----------+------------
Design Name             |design3      |           |            
  Total Instances       |           63|         93|       1.984
    Macros              |            0|          0|       0.000
    Pads                |            0|          0|       0.000
    Phys                |            0|          0|       0.000
    Blackboxes          |            0|          0|       0.000
    Cells               |           63|         93|       1.984
      Buffers           |            0|          0|       0.000
      Inverters         |           14|          7|       0.201
      Clock-Gates       |            0|          0|       0.000
      Combinational     |           40|         44|       1.071
      Latches           |            0|          0|       0.000
      FlipFlops         |            9|         41|       0.712
       Single-Bit FF    |            9|         41|       0.712
       Multi-Bit FF     |            0|          0|       0.000
       Clock-Gated      |            0|           |            
       Bits             |            9|         41|       0.712
         Load-Enabled   |            0|           |            
         Clock-Gated    |            0|           |            
  Tristate Pin Count    |            0|           |            
Physical Info           |Placed       |           |            
  Chip Size (mm x mm)   |0.073 x 0.073|       5387|            
  Fixed Cell Area       |             |          0|            
    Phys Only           |            0|          0|            
  Placeable Area        |             |        168|            
  Movable Cell Area     |             |         93|            
  Utilization (%)       |           55|           |            
  Chip Utilization (%)  |           55|           |            
  Total Wire Length (mm)|        0.515|           |            
  Longest Wire (mm)     |        0.037|           |            
  Average Wire (mm)     |        0.037|           |            
------------------------+-------------+-----------+------------
