warning: No library characterized for (process = 1.00 voltage = 0.85 temperature = 25.00) can be found in the database for power domain '/PD_TOP'  [NL-174]
Report Power (instances with prefix '*' are included in total) : 
-----+---------------------+--------------------+---------------------+-------------------+-----------------
     | Instance            | Internal Power(uw) | Switching Power(uw) | Leakage Power(uw) | Total Power(uw) 
-----+---------------------+--------------------+---------------------+-------------------+-----------------
1    |*cooler_reg          |            2.130281|             2.908483|           0.079112|         5.117877
2    |*heater_reg          |            1.948053|             2.658443|           0.079112|         4.685609
3    |*alarambuzz_reg      |            1.956232|             2.672277|           0.079112|         4.707622
4    |*winbuzz_reg         |            1.988559|             2.715169|           0.079112|         4.782841
5    |*rdoor_reg           |            2.030736|             2.775809|           0.079112|         4.885658
6    |*fdoor_reg           |            2.111892|             2.886742|           0.079112|         5.077747
7    |*my_curr_state_reg[2]|            0.110171|             0.318196|           0.079112|         0.507480
8    |*my_curr_state_reg[1]|            0.212725|             0.380150|           0.079112|         0.671987
9    |*my_curr_state_reg[0]|            0.396833|             1.550926|           0.079112|         2.026871
10   |*i_0_0_0             |            0.322180|             0.285721|           0.014353|         0.622254
11   |*i_0_0_1             |            0.554371|             4.154871|           0.022619|         4.731862
12   |*i_0_0_2             |            0.567966|             0.755945|           0.026832|         1.350742
13   |*i_0_0_3             |            1.033646|             1.302505|           0.027858|         2.364010
14   |*i_0_0_4             |            0.364081|             0.190967|           0.032601|         0.587649
15   |*i_0_0_5             |            0.799207|             0.879271|           0.034566|         1.713044
16   |*i_0_0_6             |            0.193303|             0.102723|           0.026832|         0.322859
17   |*i_0_0_7             |            0.599095|             0.813329|           0.022619|         1.435042
18   |*i_0_0_8             |            0.974409|             1.889320|           0.032601|         2.896330
19   |*i_0_0_9             |            0.499689|             0.212909|           0.034566|         0.747164
20   |*i_0_0_10            |            0.669327|             0.601123|           0.027858|         1.298309
21   |*i_0_0_11            |            0.392812|             0.185574|           0.034566|         0.612952
22   |*i_0_0_12            |            0.574167|             0.540257|           0.027858|         1.142282
23   |*i_0_0_13            |            0.830400|             0.991561|           0.026832|         1.848793
24   |*i_0_0_14            |            0.165349|             0.103642|           0.034566|         0.303557
25   |*i_0_0_15            |            0.486574|             0.531492|           0.027858|         1.045925
26   |*i_0_0_16            |            0.439875|             0.735666|           0.026832|         1.202373
27   |*i_0_0_17            |            0.634537|             1.031892|           0.021200|         1.687629
28   |*i_0_0_18            |            0.352463|             0.155785|           0.034566|         0.542813
29   |*i_0_0_19            |            0.035395|             0.048148|           0.025066|         0.108610
30   |*i_0_0_20            |            0.533555|             0.469170|           0.027858|         1.030583
31   |*i_0_0_21            |            0.506921|             0.287805|           0.034566|         0.829291
32   |*i_0_0_22            |            0.531268|             1.275892|           0.021200|         1.828359
33   |*i_0_0_23            |            0.459713|             0.460517|           0.027858|         0.948088
34   |*i_0_0_24            |            0.401869|             0.170105|           0.034566|         0.606540
35   |*i_0_0_25            |            0.018321|             0.023532|           0.021200|         0.063053
36   |*i_0_0_26            |            0.595908|             0.503057|           0.027858|         1.126823
37   |*i_0_0_27            |            0.104388|             0.219896|           0.025066|         0.349351
38   |*i_0_0_28            |            0.620161|             1.713452|           0.021200|         2.354813
39   |*i_0_0_29            |            0.278788|             0.636205|           0.026832|         0.941825
40   |*i_0_0_30            |            0.502836|             1.900614|           0.017393|         2.420843
41   |*i_0_0_31            |            0.666329|             1.862479|           0.021200|         2.550008
42   |*i_0_0_32            |            0.057337|             0.279505|           0.021200|         0.358042
43   |*i_0_0_33            |            1.029130|             1.457717|           0.014353|         2.501200
44   |*i_0_0_34            |            0.930549|             2.895475|           0.014353|         3.840378
45   |*i_0_0_35            |            0.929219|             2.918443|           0.014353|         3.862015
46   |*i_0_0_36            |            0.044090|             0.185950|           0.014353|         0.244393
47   |*i_0_0_37            |            0.012257|             0.095978|           0.014353|         0.122589
48   |                     |                    |                     |                   |                 
49   |*TOTAL               |           31.596966|            51.734684|           1.674421|        85.006073
-----+---------------------+--------------------+---------------------+-------------------+-----------------
