Report Physical info: 
------------------------+-------------+-----------+------------
                        |             |Area (squm)|Leakage (uW)
------------------------+-------------+-----------+------------
Design Name             |design2      |           |            
  Total Instances       |           47|         78|       1.674
    Macros              |            0|          0|       0.000
    Pads                |            0|          0|       0.000
    Phys                |            0|          0|       0.000
    Blackboxes          |            0|          0|       0.000
    Cells               |           47|         78|       1.674
      Buffers           |            0|          0|       0.000
      Inverters         |            6|          3|       0.086
      Clock-Gates       |            0|          0|       0.000
      Combinational     |           32|         35|       0.876
      Latches           |            0|          0|       0.000
      FlipFlops         |            9|         41|       0.712
       Single-Bit FF    |            9|         41|       0.712
       Multi-Bit FF     |            0|          0|       0.000
       Clock-Gated      |            0|           |            
       Bits             |            9|         41|       0.712
         Load-Enabled   |            0|           |            
         Clock-Gated    |            0|           |            
  Tristate Pin Count    |            0|           |            
Physical Info           |Placed       |           |            
  Chip Size (mm x mm)   |0.072 x 0.072|       5134|            
  Fixed Cell Area       |             |          0|            
    Phys Only           |            0|          0|            
  Placeable Area        |             |        130|            
  Movable Cell Area     |             |         78|            
  Utilization (%)       |           60|           |            
  Chip Utilization (%)  |           60|           |            
  Total Wire Length (mm)|        0.504|           |            
  Longest Wire (mm)     |        0.036|           |            
  Average Wire (mm)     |        0.036|           |            
------------------------+-------------+-----------+------------
