Report End Points: 
-----+-------+------+-------+------+-----+-----+------+----------------------+----------------
     |Group  |Launch|Capture|Shift |Delay|Depth|Slack |Begin Point           |End Point       
-----+-------+------+-------+------+-----+-----+------+----------------------+----------------
1    |default|sysclk|sysclk |1500.0|206.8|    6|1127.7|my_curr_state_reg[0]/Q|cooler_reg/D    
2    |default|sysclk|sysclk |1500.0|205.8|    6|1128.7|my_curr_state_reg[0]/Q|heater_reg/D    
3    |default|sysclk|sysclk |1500.0|171.5|    5|1163.0|my_curr_state_reg[0]/Q|alarambuzz_reg/D
-----+-------+------+-------+------+-----+-----+------+----------------------+----------------
Report End Points: 
-----+-----+--------------+-------+------+-----+-----+-----+-----------+----------------
     |Group|Launch        |Capture|Shift |Delay|Depth|Slack|Begin Point|End Point       
-----+-----+--------------+-------+------+-----+-----+-----+-----------+----------------
1    |I2R  |rtDefaultClock|sysclk |1500.0|238.0|    6|523.4|SFD        |cooler_reg/D    
2    |I2R  |rtDefaultClock|sysclk |1500.0|237.0|    6|524.4|SFD        |heater_reg/D    
3    |I2R  |rtDefaultClock|sysclk |1500.0|202.7|    5|558.7|SFD        |alarambuzz_reg/D
-----+-----+--------------+-------+------+-----+-----+-----+-----------+----------------
Report End Points: 
-----+-----+------+-------+-----+-----+-----+-----+-----------+---------
     |Group|Launch|Capture|Shift|Delay|Depth|Slack|Begin Point|End Point
-----+-----+------+-------+-----+-----+-----+-----+-----------+---------
1    |I2O  |      |       |     |     |     |     |           |         
-----+-----+------+-------+-----+-----+-----+-----+-----------+---------
Report End Points: 
-----+-----+------+-------+-----+-----+-----+-----+-------------+---------
     |Group|Launch|Capture|Shift|Delay|Depth|Slack|Begin Point  |End Point
-----+-----+------+-------+-----+-----+-----+-----+-------------+---------
1    |R2O  |sysclk|vsysclk|500.0|  0.4|    0| 74.7|fdoor_reg/Q  |fdoor    
2    |R2O  |sysclk|vsysclk|500.0|  0.4|    0| 74.7|rdoor_reg/Q  |rdoor    
3    |R2O  |sysclk|vsysclk|500.0|  0.4|    0| 74.8|winbuzz_reg/Q|winbuzz  
-----+-----+------+-------+-----+-----+-----+-----+-------------+---------
