warning: No library characterized for (process = 1.00 voltage = 0.85 temperature = 25.00) can be found in the database for power domain '/PD_TOP'  [NL-174]
Report Power (instances with prefix '*' are included in total) : 
-----+---------------------+--------------------+---------------------+-------------------+-----------------
     | Instance            | Internal Power(uw) | Switching Power(uw) | Leakage Power(uw) | Total Power(uw) 
-----+---------------------+--------------------+---------------------+-------------------+-----------------
1    |*cooler_reg          |            2.311384|             6.723964|           0.079112|         9.114460
2    |*heater_reg          |            2.299964|             3.166298|           0.079112|         5.545374
3    |*alarambuzz_reg      |            2.249193|             2.773276|           0.079112|         5.101581
4    |*winbuzz_reg         |            2.068846|             2.896204|           0.079112|         5.044163
5    |*rdoor_reg           |            2.191077|             3.055556|           0.079112|         5.325745
6    |*fdoor_reg           |            2.675586|             3.718230|           0.079112|         6.472929
7    |*my_curr_state_reg[2]|            1.801843|             6.483104|           0.079112|         8.364060
8    |*my_curr_state_reg[1]|            2.175610|             8.184575|           0.079112|        10.439297
9    |*my_curr_state_reg[0]|            1.991800|             9.538838|           0.079112|        11.609750
10   |*i_0_0_0             |            0.458948|             0.293550|           0.022619|         0.775117
11   |*i_0_0_1             |            0.259491|             0.394256|           0.022619|         0.676367
12   |*i_0_0_2             |            0.392492|             0.781737|           0.017393|         1.191622
13   |*i_0_0_3             |            0.670165|             0.872032|           0.027858|         1.570055
14   |*i_0_0_4             |            0.736712|             0.837363|           0.034566|         1.608641
15   |*i_0_0_5             |            0.765855|             0.856879|           0.032612|         1.655346
16   |*i_0_0_6             |            0.738902|             0.928681|           0.034566|         1.702149
17   |*i_0_0_7             |            0.710550|             0.620174|           0.017393|         1.348117
18   |*i_0_0_8             |            0.638042|             0.961739|           0.022619|         1.622400
19   |*i_0_0_9             |            0.520818|             0.877336|           0.027858|         1.426013
20   |*i_0_0_10            |            0.686785|             0.967783|           0.022619|         1.677188
21   |*i_0_0_11            |            0.541171|             0.751102|           0.034026|         1.326299
22   |*i_0_0_12            |            0.435723|             1.202059|           0.018105|         1.655887
23   |*i_0_0_13            |            0.467490|             0.280495|           0.022619|         0.770604
24   |*i_0_0_14            |            0.455419|             0.600758|           0.021200|         1.077376
25   |*i_0_0_15            |            0.540812|             0.555844|           0.048314|         1.144969
26   |*i_0_0_16            |            0.207100|             0.388203|           0.048314|         0.643617
27   |*i_0_0_17            |            0.387561|             0.416170|           0.024415|         0.828146
28   |*i_0_0_18            |            0.647688|             0.962266|           0.034566|         1.644520
29   |*i_0_0_19            |            0.604525|             0.574179|           0.018105|         1.196809
30   |*i_0_0_20            |            0.512848|             0.484056|           0.027858|         1.024762
31   |*i_0_0_21            |            0.594956|             0.476026|           0.027858|         1.098840
32   |*i_0_0_22            |            0.905382|             0.997382|           0.034566|         1.937330
33   |*i_0_0_23            |            0.398221|             0.531886|           0.022619|         0.952726
34   |*i_0_0_24            |            0.306590|             0.844119|           0.027858|         1.178568
35   |*i_0_0_25            |            0.252047|             0.223524|           0.014353|         0.489925
36   |*i_0_0_26            |            0.415487|             3.250431|           0.022619|         3.688537
37   |*i_0_0_27            |            0.768784|             0.827057|           0.048314|         1.644155
38   |*i_0_0_28            |            0.690988|             0.492269|           0.034566|         1.217822
39   |*i_0_0_29            |            0.576200|             0.349220|           0.027858|         0.953278
40   |*i_0_0_30            |            0.498080|             0.926186|           0.027858|         1.452124
41   |*i_0_0_31            |            0.050159|             0.085886|           0.026832|         0.162877
42   |*i_0_0_32            |            0.474516|             0.787462|           0.026832|         1.288809
43   |*i_0_0_33            |            0.585905|             0.878695|           0.017393|         1.481993
44   |*i_0_0_34            |            0.633479|             0.736640|           0.018127|         1.388246
45   |*i_0_0_35            |            0.186652|             0.291768|           0.018105|         0.496525
46   |*i_0_0_36            |            0.568047|             0.854557|           0.022619|         1.445223
47   |*i_0_0_37            |            0.448461|             0.214592|           0.032612|         0.695665
48   |*i_0_0_38            |            0.132713|             0.404230|           0.014353|         0.551296
49   |*i_0_0_39            |            0.286766|             2.189860|           0.034566|         2.511192
50   |*i_0_0_40            |            0.771273|             0.632527|           0.018105|         1.421904
51   |*i_0_0_41            |            0.251233|             0.376380|           0.018105|         0.645718
52   |*i_0_0_42            |            0.289439|             1.211382|           0.017393|         1.518214
53   |*i_0_0_43            |            0.585170|             0.886976|           0.022619|         1.494765
54   |*i_0_0_44            |            0.305381|             0.205811|           0.027858|         0.539051
55   |*i_0_0_45            |            0.632349|             1.591442|           0.022619|         2.246410
56   |*i_0_0_46            |            0.356578|             2.138222|           0.014353|         2.509153
57   |*i_0_0_47            |            0.510449|             6.948766|           0.017393|         7.476608
58   |*i_0_0_48            |            0.292879|             0.412074|           0.018105|         0.723058
59   |*i_0_0_49            |            0.090798|             0.229107|           0.014353|         0.334258
60   |*i_0_0_50            |            0.130536|             1.183688|           0.027858|         1.342083
61   |*i_0_0_51            |            0.317536|             0.899115|           0.022619|         1.239270
62   |*i_0_0_52            |            0.466370|             0.753788|           0.022619|         1.242777
63   |*i_0_0_53            |            0.225814|             0.772518|           0.027858|         1.026191
64   |*i_0_0_54            |            0.068118|             0.157583|           0.017393|         0.243094
65   |*i_0_0_55            |            0.097422|             0.507126|           0.014353|         0.618901
66   |*i_0_0_56            |            0.131467|             2.749947|           0.021200|         2.902613
67   |*i_0_0_57            |            0.197860|             1.539226|           0.014353|         1.751439
68   |*i_0_0_58            |            0.282827|             3.884721|           0.021200|         4.188747
69   |*i_0_0_59            |            0.420562|             0.231619|           0.027858|         0.680040
70   |*i_0_0_60            |            0.288467|             0.347589|           0.018127|         0.654183
71   |*i_0_0_61            |            0.097424|             0.458239|           0.027858|         0.583521
72   |*i_0_0_62            |            0.018952|             0.120749|           0.021200|         0.160900
73   |*i_0_0_63            |            0.557157|             0.945723|           0.041741|         1.544621
74   |*i_0_0_64            |            0.013881|             0.029684|           0.014353|         0.057918
75   |*i_0_0_65            |            0.027758|             0.275406|           0.018105|         0.321268
76   |*i_0_0_66            |            1.100798|             0.838437|           0.048314|         1.987550
77   |*i_0_0_67            |            0.090192|             0.207808|           0.021200|         0.319200
78   |*i_0_0_68            |            0.127338|             0.894216|           0.014353|         1.035907
79   |*i_0_0_69            |            0.181225|             3.455723|           0.017393|         3.654341
80   |*i_0_0_70            |            0.265972|             0.207467|           0.026832|         0.500271
81   |*i_0_0_71            |            0.372818|             0.238643|           0.022619|         0.634080
82   |*i_0_0_72            |            0.234677|             0.412084|           0.022619|         0.669380
83   |*i_0_0_73            |            0.674841|             1.043649|           0.021200|         1.739690
84   |*i_0_0_74            |            0.564464|             0.827439|           0.027858|         1.419761
85   |*i_0_0_75            |            0.221849|             0.400144|           0.017393|         0.639386
86   |*i_0_0_76            |            0.678058|             0.250163|           0.048314|         0.976535
87   |*i_0_0_77            |            0.490350|             0.491266|           0.027858|         1.009474
88   |*i_0_0_78            |            0.130446|             0.343672|           0.026832|         0.500949
89   |*i_0_0_79            |            0.208008|             1.208977|           0.014353|         1.431339
90   |*i_0_0_80            |            0.330642|             4.064945|           0.021200|         4.416786
91   |*i_0_0_81            |            0.518307|             2.201393|           0.017393|         2.737093
92   |*i_0_0_82            |            0.356607|             1.903547|           0.014353|         2.274507
93   |*i_0_0_83            |            0.642790|             9.354076|           0.017393|        10.014259
94   |*i_0_0_84            |            0.394700|             0.358849|           0.021200|         0.774749
95   |*i_0_0_85            |            0.623078|             0.812049|           0.034566|         1.469693
96   |*i_0_0_86            |            0.836793|             1.862659|           0.033938|         2.733389
97   |*i_0_0_87            |            0.673200|             2.569412|           0.027858|         3.270471
98   |*i_0_0_88            |            0.233730|             2.104566|           0.021200|         2.359495
99   |*i_0_0_89            |            0.069242|             0.706228|           0.014353|         0.789823
100  |*i_0_0_90            |            0.100219|             2.131769|           0.017393|         2.249381
101  |*i_0_0_91            |            0.516789|             1.808342|           0.017393|         2.342525
102  |*i_0_0_92            |            0.629625|             1.555851|           0.027858|         2.213334
103  |*i_0_0_93            |            0.659305|             4.781440|           0.021200|         5.461945
104  |*i_0_0_94            |            0.534920|             1.205990|           0.022619|         1.763530
105  |*i_0_0_95            |            0.185409|             1.518325|           0.017393|         1.721128
106  |*i_0_0_96            |            0.301646|             3.572647|           0.017393|         3.891686
107  |*i_0_0_97            |            0.047821|             0.071934|           0.014353|         0.134108
108  |*i_0_0_98            |            0.094706|             1.074830|           0.018105|         1.187640
109  |*i_0_0_99            |            0.501283|             8.546574|           0.014353|         9.062210
110  |*i_0_0_100           |            0.220925|             4.193337|           0.014353|         4.428615
111  |*i_0_0_101           |            0.241771|             3.054143|           0.014353|         3.310268
112  |*i_0_0_102           |            0.199867|             3.992478|           0.014353|         4.206698
113  |*i_0_0_103           |            0.931488|             2.879264|           0.014353|         3.825105
114  |*i_0_0_104           |            0.981918|             2.076547|           0.014353|         3.072818
115  |*i_0_0_105           |            0.707233|             7.967486|           0.014353|         8.689073
116  |*i_0_0_106           |            0.655707|            10.071002|           0.014353|        10.741063
117  |*i_0_0_107           |            0.662846|             9.168069|           0.014353|         9.845268
118  |*i_0_0_108           |            0.257784|             0.380469|           0.014353|         0.652606
119  |                     |                    |                     |                   |                 
120  |*TOTAL               |           65.796906|           212.805786|           3.239601|       281.842316
-----+---------------------+--------------------+---------------------+-------------------+-----------------
